<?xml version="1.0" encoding="UTF-8"?>
<!-- Generated by org.testng.reporters.JUnitReportReporter -->
<testsuite hostname="DESKTOP-1AQ2CUN" failures="0" tests="5" name="TC_001.page_test" time="24.217" errors="0" timestamp="2023-04-12T10:16:37 IST" skipped="0">
  <testcase classname="TC_001.page_test" name="VarifyTitle" time="4.660"/>
  <system-out/>
  <testcase classname="TC_001.page_test" name="VerifyLogo" time="4.086"/>
  <system-out/>
  <testcase classname="TC_001.page_test" name="login" time="7.311"/>
  <system-out/>
  <testcase classname="TC_001.page_test" name="Screen" time="5.120"/>
  <system-out/>
  <testcase classname="TC_001.page_test" name="scroll" time="3.040"/>
  <system-out/>
</testsuite> <!-- TC_001.page_test -->
